[debug] [2024-01-24T08:49:50.066Z] ----------------------------------------------------------------------
[debug] [2024-01-24T08:49:50.069Z] Command:       /usr/local/bin/firebase /Users/mind/.cache/firebase/tools/lib/node_modules/firebase-tools/lib/bin/firebase projects:create myapp-784hp --json
[debug] [2024-01-24T08:49:50.069Z] CLI Version:   13.0.3
[debug] [2024-01-24T08:49:50.069Z] Platform:      darwin
[debug] [2024-01-24T08:49:50.069Z] Node Version:  v18.5.0
[debug] [2024-01-24T08:49:50.071Z] Time:          Wed Jan 24 2024 14:19:50 GMT+0530 (India Standard Time)
[debug] [2024-01-24T08:49:50.071Z] ----------------------------------------------------------------------
[debug] 
[debug] [2024-01-24T08:49:50.078Z] > command requires scopes: ["email","openid","https://www.googleapis.com/auth/cloudplatformprojects.readonly","https://www.googleapis.com/auth/firebase","https://www.googleapis.com/auth/cloud-platform"]
[debug] [2024-01-24T08:49:50.078Z] > authorizing via signed-in user (het.prajapati9533@gmail.com)
[debug] [2024-01-24T08:49:50.082Z] >>> [apiv2][query] POST https://cloudresourcemanager.googleapis.com/v1/projects [none]
[debug] [2024-01-24T08:49:50.083Z] >>> [apiv2][body] POST https://cloudresourcemanager.googleapis.com/v1/projects {"projectId":"myapp-784hp","name":"myapp-784hp"}
[debug] [2024-01-24T08:49:51.970Z] <<< [apiv2][status] POST https://cloudresourcemanager.googleapis.com/v1/projects 200
[debug] [2024-01-24T08:49:51.971Z] <<< [apiv2][body] POST https://cloudresourcemanager.googleapis.com/v1/projects {"name":"operations/cp.8076232420446358904"}
[debug] [2024-01-24T08:49:51.972Z] >>> [apiv2][query] GET https://cloudresourcemanager.googleapis.com/v1/operations/cp.8076232420446358904 [none]
[debug] [2024-01-24T08:49:53.692Z] <<< [apiv2][status] GET https://cloudresourcemanager.googleapis.com/v1/operations/cp.8076232420446358904 200
[debug] [2024-01-24T08:49:53.693Z] <<< [apiv2][body] GET https://cloudresourcemanager.googleapis.com/v1/operations/cp.8076232420446358904 {"name":"operations/cp.8076232420446358904"}
[debug] [2024-01-24T08:49:54.194Z] [Project Creation Poller] Retrying task index 0
[debug] [2024-01-24T08:49:54.194Z] >>> [apiv2][query] GET https://cloudresourcemanager.googleapis.com/v1/operations/cp.8076232420446358904 [none]
[debug] [2024-01-24T08:49:55.919Z] <<< [apiv2][status] GET https://cloudresourcemanager.googleapis.com/v1/operations/cp.8076232420446358904 200
[debug] [2024-01-24T08:49:55.919Z] <<< [apiv2][body] GET https://cloudresourcemanager.googleapis.com/v1/operations/cp.8076232420446358904 {"name":"operations/cp.8076232420446358904","metadata":{"@type":"type.googleapis.com/google.cloudresourcemanager.v1.ProjectCreationStatus","gettable":true,"ready":true},"done":true,"response":{"@type":"type.googleapis.com/google.cloudresourcemanager.v1.Project","projectNumber":"638548940706","projectId":"myapp-784hp","lifecycleState":"ACTIVE","name":"myapp-784hp","createTime":"2024-01-24T08:49:53.712099Z"}}
[debug] [2024-01-24T08:49:55.920Z] >>> [apiv2][query] POST https://firebase.googleapis.com/v1beta1/projects/myapp-784hp:addFirebase [none]
